<?xml version="1.0" encoding="UTF-8"?>
<!-- Generated by org.testng.reporters.JUnitXMLReporter -->
<testsuite ignored="0" hostname="OZL5353W" failures="1" tests="1" name="Default test" time="33.479" errors="0" timestamp="2024-08-07T22:17:49 IST">
  <testcase classname="io.cucumber.testng.AbstractTestNGCucumberTests" name="runScenario" time="31.895">
    <failure type="java.lang.AssertionError" message="Device Pool management tab is not visible expected [true] but found [false]">
      <![CDATA[java.lang.AssertionError: Device Pool management tab is not visible expected [true] but found [false]
at org.testng.Assert.fail(Assert.java:110)
at org.testng.Assert.failNotEquals(Assert.java:1413)
at org.testng.Assert.assertTrue(Assert.java:56)
at pageFactory.HomePage.verifyDevicePoolMgmtTabIsVisible(HomePage.java:65)
at stepDefinitions.UISteps.device_pool_management_tab_should_be_visible(UISteps.java:82)
at ✽.Device Pool Management tab should be visible(file:///C:/Users/uie50231/eclipse-workspace/VDOL_QA_Automation/src/test/resources/UI_Features/GeneralUICheck.feature:53)
]]>
    </failure>
  </testcase> <!-- runScenario -->
</testsuite> <!-- Default test -->
